0 info it worked if it ends with ok
1 verbose cli [ '/home/preeti/.nvm/versions/node/v5.4.1/bin/node',
1 verbose cli   '/home/preeti/.nvm/versions/node/v5.4.1/bin/npm',
1 verbose cli   'install',
1 verbose cli   '-g',
1 verbose cli   'live-runner' ]
2 info using npm@3.3.12
3 info using node@v5.4.1
4 silly loadCurrentTree Starting
5 silly install loadCurrentTree
6 silly install readGlobalPackageData
7 silly fetchPackageMetaData live-runner
8 silly fetchNamedPackageData live-runner
9 silly mapToRegistry name live-runner
10 silly mapToRegistry using default registry
11 silly mapToRegistry registry https://registry.npmjs.org/
12 silly mapToRegistry uri https://registry.npmjs.org/live-runner
13 verbose request uri https://registry.npmjs.org/live-runner
14 verbose request no auth needed
15 info attempt registry request try #1 at 2:29:04 AM
16 verbose request id a8652710164bf6c3
17 http request GET https://registry.npmjs.org/live-runner
18 http 404 https://registry.npmjs.org/live-runner
19 verbose headers { 'content-type': 'application/json',
19 verbose headers   'cache-control': 'max-age=0',
19 verbose headers   'content-length': '2',
19 verbose headers   'accept-ranges': 'bytes',
19 verbose headers   date: 'Wed, 28 Dec 2016 20:59:06 GMT',
19 verbose headers   via: '1.1 varnish',
19 verbose headers   age: '0',
19 verbose headers   connection: 'keep-alive',
19 verbose headers   'x-served-by': 'cache-sin6921-SIN',
19 verbose headers   'x-cache': 'MISS',
19 verbose headers   'x-cache-hits': '0',
19 verbose headers   'x-timer': 'S1482958745.802058,VS0,VE1063',
19 verbose headers   vary: 'Accept-Encoding' }
20 silly get cb [ 404,
20 silly get   { 'content-type': 'application/json',
20 silly get     'cache-control': 'max-age=0',
20 silly get     'content-length': '2',
20 silly get     'accept-ranges': 'bytes',
20 silly get     date: 'Wed, 28 Dec 2016 20:59:06 GMT',
20 silly get     via: '1.1 varnish',
20 silly get     age: '0',
20 silly get     connection: 'keep-alive',
20 silly get     'x-served-by': 'cache-sin6921-SIN',
20 silly get     'x-cache': 'MISS',
20 silly get     'x-cache-hits': '0',
20 silly get     'x-timer': 'S1482958745.802058,VS0,VE1063',
20 silly get     vary: 'Accept-Encoding' } ]
21 silly fetchPackageMetaData Error: Registry returned 404 for GET on https://registry.npmjs.org/live-runner
21 silly fetchPackageMetaData     at makeError (/home/preeti/.nvm/versions/node/v5.4.1/lib/node_modules/npm/node_modules/npm-registry-client/lib/request.js:264:12)
21 silly fetchPackageMetaData     at CachingRegistryClient.<anonymous> (/home/preeti/.nvm/versions/node/v5.4.1/lib/node_modules/npm/node_modules/npm-registry-client/lib/request.js:242:14)
21 silly fetchPackageMetaData     at Request._callback (/home/preeti/.nvm/versions/node/v5.4.1/lib/node_modules/npm/node_modules/npm-registry-client/lib/request.js:172:14)
21 silly fetchPackageMetaData     at Request.self.callback (/home/preeti/.nvm/versions/node/v5.4.1/lib/node_modules/npm/node_modules/request/request.js:198:22)
21 silly fetchPackageMetaData     at emitTwo (events.js:87:13)
21 silly fetchPackageMetaData     at Request.emit (events.js:172:7)
21 silly fetchPackageMetaData     at Request.<anonymous> (/home/preeti/.nvm/versions/node/v5.4.1/lib/node_modules/npm/node_modules/request/request.js:1082:10)
21 silly fetchPackageMetaData     at emitOne (events.js:82:20)
21 silly fetchPackageMetaData     at Request.emit (events.js:169:7)
21 silly fetchPackageMetaData     at IncomingMessage.<anonymous> (/home/preeti/.nvm/versions/node/v5.4.1/lib/node_modules/npm/node_modules/request/request.js:1009:12)
21 silly fetchPackageMetaData  error for live-runner { [Error: Registry returned 404 for GET on https://registry.npmjs.org/live-runner] pkgid: 'live-runner', statusCode: 404, code: 'E404' }
22 silly rollbackFailedOptional Starting
23 silly rollbackFailedOptional Finishing
24 silly runTopLevelLifecycles Starting
25 silly runTopLevelLifecycles Finishing
26 silly install printInstalled
27 verbose stack Error: Registry returned 404 for GET on https://registry.npmjs.org/live-runner
27 verbose stack     at makeError (/home/preeti/.nvm/versions/node/v5.4.1/lib/node_modules/npm/node_modules/npm-registry-client/lib/request.js:264:12)
27 verbose stack     at CachingRegistryClient.<anonymous> (/home/preeti/.nvm/versions/node/v5.4.1/lib/node_modules/npm/node_modules/npm-registry-client/lib/request.js:242:14)
27 verbose stack     at Request._callback (/home/preeti/.nvm/versions/node/v5.4.1/lib/node_modules/npm/node_modules/npm-registry-client/lib/request.js:172:14)
27 verbose stack     at Request.self.callback (/home/preeti/.nvm/versions/node/v5.4.1/lib/node_modules/npm/node_modules/request/request.js:198:22)
27 verbose stack     at emitTwo (events.js:87:13)
27 verbose stack     at Request.emit (events.js:172:7)
27 verbose stack     at Request.<anonymous> (/home/preeti/.nvm/versions/node/v5.4.1/lib/node_modules/npm/node_modules/request/request.js:1082:10)
27 verbose stack     at emitOne (events.js:82:20)
27 verbose stack     at Request.emit (events.js:169:7)
27 verbose stack     at IncomingMessage.<anonymous> (/home/preeti/.nvm/versions/node/v5.4.1/lib/node_modules/npm/node_modules/request/request.js:1009:12)
28 verbose statusCode 404
29 verbose pkgid live-runner
30 verbose cwd /home/preeti/Desktop/quiz-app
31 error Linux 3.19.0-26-generic
32 error argv "/home/preeti/.nvm/versions/node/v5.4.1/bin/node" "/home/preeti/.nvm/versions/node/v5.4.1/bin/npm" "install" "-g" "live-runner"
33 error node v5.4.1
34 error npm  v3.3.12
35 error code E404
36 error 404 Registry returned 404 for GET on https://registry.npmjs.org/live-runner
36 error 404
36 error 404 'live-runner' is not in the npm registry.
36 error 404 You should bug the author to publish it (or use the name yourself!)
36 error 404
36 error 404 Note that you can also install from a
36 error 404 tarball, folder, http url, or git url.
37 verbose exit [ 1, true ]
